<?xml version="1.0" encoding="UTF-8"?>
<testng-results skipped="0" failed="0" ignored="0" total="1" passed="1">
  <reporter-output>
  </reporter-output>
  <suite name="Surefire suite" duration-ms="10343" started-at="2021-04-14T13:55:21 IST" finished-at="2021-04-14T13:55:31 IST">
    <groups>
    </groups>
    <test name="Surefire test" duration-ms="10343" started-at="2021-04-14T13:55:21 IST" finished-at="2021-04-14T13:55:31 IST">
      <class name="PojoClasses.AppTest">
        <test-method status="PASS" signature="shouldAnswerWithTrue()" name="shouldAnswerWithTrue" duration-ms="5" started-at="2021-04-14T13:55:31 IST" finished-at="2021-04-14T13:55:31 IST">
          <reporter-output>
          </reporter-output>
        </test-method> <!-- shouldAnswerWithTrue -->
      </class> <!-- PojoClasses.AppTest -->
    </test> <!-- Surefire test -->
  </suite> <!-- Surefire suite -->
</testng-results>
